<?xml version="1.0" encoding="UTF-8"?>
<!-- Generated by org.testng.reporters.JUnitXMLReporter -->
<testsuite hostname="GAURAV-PC" name="Test" tests="5" failures="0" timestamp="7 Apr 2017 15:35:30 GMT" time="72.617" errors="0">
  <testcase name="listBoxContent" time="5.163" classname="testScripts.FacebookListBoxTest"/>
  <testcase name="iFrameMethod" time="17.504" classname="testScripts.IframeZohoLoginTest"/>
  <testcase name="closingChildBrowser" time="4.629" classname="testScripts.NotClosingTheParentBrowserTest"/>
  <testcase name="newTab" time="14.275" classname="testScripts.HandlingNewTabTest"/>
  <testcase name="testMethod" time="5.023" classname="testScripts.ChildBrowserPopUpTest"/>
</testsuite> <!-- Test -->
