<?xml version="1.0" encoding="UTF-8"?>
<testng-results skipped="0" failed="0" total="5" passed="5">
  <reporter-output>
  </reporter-output>
  <suite name="Suite" duration-ms="72617" started-at="2017-04-07T15:34:18Z" finished-at="2017-04-07T15:35:30Z">
    <groups>
    </groups>
    <test name="Test" duration-ms="72617" started-at="2017-04-07T15:34:18Z" finished-at="2017-04-07T15:35:30Z">
      <class name="testScripts.IframeZohoLoginTest">
        <test-method status="PASS" signature="selectBrowser(java.lang.String)[pri:0, instance:testScripts.IframeZohoLoginTest@7225790e]" name="selectBrowser" is-config="true" duration-ms="3573" started-at="2017-04-07T21:04:30Z" finished-at="2017-04-07T21:04:33Z">
          <params>
            <param index="0">
              <value>
                <![CDATA[Chrome]]>
              </value>
            </param>
          </params>
          <reporter-output>
          </reporter-output>
        </test-method> <!-- selectBrowser -->
        <test-method status="PASS" signature="iFrameMethod()[pri:0, instance:testScripts.IframeZohoLoginTest@7225790e]" name="iFrameMethod" duration-ms="17504" started-at="2017-04-07T21:04:33Z" finished-at="2017-04-07T21:04:51Z">
          <reporter-output>
          </reporter-output>
        </test-method> <!-- iFrameMethod -->
        <test-method status="PASS" signature="closeBrowser(org.testng.ITestResult)[pri:0, instance:testScripts.IframeZohoLoginTest@7225790e]" name="closeBrowser" is-config="true" duration-ms="819" started-at="2017-04-07T21:04:51Z" finished-at="2017-04-07T21:04:52Z">
          <params>
            <param index="0">
              <value>
                <![CDATA[[TestResult name=iFrameMethod status=SUCCESS method=IframeZohoLoginTest.iFrameMethod()[pri:0, instance:testScripts.IframeZohoLoginTest@7225790e] output={null}]]]>
              </value>
            </param>
          </params>
          <reporter-output>
          </reporter-output>
        </test-method> <!-- closeBrowser -->
      </class> <!-- testScripts.IframeZohoLoginTest -->
      <class name="testScripts.HandlingNewTabTest">
        <test-method status="PASS" signature="selectBrowser(java.lang.String)[pri:0, instance:testScripts.HandlingNewTabTest@36f6e879]" name="selectBrowser" is-config="true" duration-ms="3915" started-at="2017-04-07T21:05:01Z" finished-at="2017-04-07T21:05:05Z">
          <params>
            <param index="0">
              <value>
                <![CDATA[Chrome]]>
              </value>
            </param>
          </params>
          <reporter-output>
          </reporter-output>
        </test-method> <!-- selectBrowser -->
        <test-method status="PASS" signature="newTab()[pri:0, instance:testScripts.HandlingNewTabTest@36f6e879]" name="newTab" duration-ms="14275" started-at="2017-04-07T21:05:05Z" finished-at="2017-04-07T21:05:20Z">
          <reporter-output>
          </reporter-output>
        </test-method> <!-- newTab -->
        <test-method status="PASS" signature="closeBrowser(org.testng.ITestResult)[pri:0, instance:testScripts.HandlingNewTabTest@36f6e879]" name="closeBrowser" is-config="true" duration-ms="1060" started-at="2017-04-07T21:05:20Z" finished-at="2017-04-07T21:05:21Z">
          <params>
            <param index="0">
              <value>
                <![CDATA[[TestResult name=newTab status=SUCCESS method=HandlingNewTabTest.newTab()[pri:0, instance:testScripts.HandlingNewTabTest@36f6e879] output={null}]]]>
              </value>
            </param>
          </params>
          <reporter-output>
          </reporter-output>
        </test-method> <!-- closeBrowser -->
      </class> <!-- testScripts.HandlingNewTabTest -->
      <class name="testScripts.FacebookListBoxTest">
        <test-method status="PASS" signature="selectBrowser(java.lang.String)[pri:0, instance:testScripts.FacebookListBoxTest@35fb3008]" name="selectBrowser" is-config="true" duration-ms="5308" started-at="2017-04-07T21:04:18Z" finished-at="2017-04-07T21:04:23Z">
          <params>
            <param index="0">
              <value>
                <![CDATA[Chrome]]>
              </value>
            </param>
          </params>
          <reporter-output>
          </reporter-output>
        </test-method> <!-- selectBrowser -->
        <test-method status="PASS" signature="listBoxContent()[pri:0, instance:testScripts.FacebookListBoxTest@35fb3008]" name="listBoxContent" duration-ms="5163" started-at="2017-04-07T21:04:23Z" finished-at="2017-04-07T21:04:28Z">
          <reporter-output>
          </reporter-output>
        </test-method> <!-- listBoxContent -->
        <test-method status="PASS" signature="closeBrowser(org.testng.ITestResult)[pri:0, instance:testScripts.FacebookListBoxTest@35fb3008]" name="closeBrowser" is-config="true" duration-ms="1646" started-at="2017-04-07T21:04:28Z" finished-at="2017-04-07T21:04:30Z">
          <params>
            <param index="0">
              <value>
                <![CDATA[[TestResult name=listBoxContent status=SUCCESS method=FacebookListBoxTest.listBoxContent()[pri:0, instance:testScripts.FacebookListBoxTest@35fb3008] output={null}]]]>
              </value>
            </param>
          </params>
          <reporter-output>
          </reporter-output>
        </test-method> <!-- closeBrowser -->
      </class> <!-- testScripts.FacebookListBoxTest -->
      <class name="testScripts.NotClosingTheParentBrowserTest">
        <test-method status="PASS" signature="selectBrowser(java.lang.String)[pri:0, instance:testScripts.NotClosingTheParentBrowserTest@54a097cc]" name="selectBrowser" is-config="true" duration-ms="4062" started-at="2017-04-07T21:04:52Z" finished-at="2017-04-07T21:04:56Z">
          <params>
            <param index="0">
              <value>
                <![CDATA[Chrome]]>
              </value>
            </param>
          </params>
          <reporter-output>
          </reporter-output>
        </test-method> <!-- selectBrowser -->
        <test-method status="PASS" signature="closingChildBrowser()[pri:0, instance:testScripts.NotClosingTheParentBrowserTest@54a097cc]" name="closingChildBrowser" duration-ms="4629" started-at="2017-04-07T21:04:56Z" finished-at="2017-04-07T21:05:00Z">
          <reporter-output>
          </reporter-output>
        </test-method> <!-- closingChildBrowser -->
        <test-method status="PASS" signature="closeBrowser(org.testng.ITestResult)[pri:0, instance:testScripts.NotClosingTheParentBrowserTest@54a097cc]" name="closeBrowser" is-config="true" duration-ms="863" started-at="2017-04-07T21:05:00Z" finished-at="2017-04-07T21:05:01Z">
          <params>
            <param index="0">
              <value>
                <![CDATA[[TestResult name=closingChildBrowser status=SUCCESS method=NotClosingTheParentBrowserTest.closingChildBrowser()[pri:0, instance:testScripts.NotClosingTheParentBrowserTest@54a097cc] output={null}]]]>
              </value>
            </param>
          </params>
          <reporter-output>
          </reporter-output>
        </test-method> <!-- closeBrowser -->
      </class> <!-- testScripts.NotClosingTheParentBrowserTest -->
      <class name="testScripts.ChildBrowserPopUpTest">
        <test-method status="PASS" signature="selectBrowser(java.lang.String)[pri:0, instance:testScripts.ChildBrowserPopUpTest@5a61f5df]" name="selectBrowser" is-config="true" duration-ms="3715" started-at="2017-04-07T21:05:21Z" finished-at="2017-04-07T21:05:24Z">
          <params>
            <param index="0">
              <value>
                <![CDATA[Chrome]]>
              </value>
            </param>
          </params>
          <reporter-output>
          </reporter-output>
        </test-method> <!-- selectBrowser -->
        <test-method status="PASS" signature="testMethod()[pri:0, instance:testScripts.ChildBrowserPopUpTest@5a61f5df]" name="testMethod" duration-ms="5023" started-at="2017-04-07T21:05:24Z" finished-at="2017-04-07T21:05:29Z">
          <reporter-output>
          </reporter-output>
        </test-method> <!-- testMethod -->
        <test-method status="PASS" signature="closeBrowser(org.testng.ITestResult)[pri:0, instance:testScripts.ChildBrowserPopUpTest@5a61f5df]" name="closeBrowser" is-config="true" duration-ms="1030" started-at="2017-04-07T21:05:29Z" finished-at="2017-04-07T21:05:30Z">
          <params>
            <param index="0">
              <value>
                <![CDATA[[TestResult name=testMethod status=SUCCESS method=ChildBrowserPopUpTest.testMethod()[pri:0, instance:testScripts.ChildBrowserPopUpTest@5a61f5df] output={null}]]]>
              </value>
            </param>
          </params>
          <reporter-output>
          </reporter-output>
        </test-method> <!-- closeBrowser -->
      </class> <!-- testScripts.ChildBrowserPopUpTest -->
    </test> <!-- Test -->
  </suite> <!-- Suite -->
</testng-results>
