<?xml version="1.0" encoding="UTF-8"?>
<!-- Generated by org.testng.reporters.JUnitXMLReporter -->
<testsuite hostname="GAURAV-PC" ignored="4" name="Test" tests="5" failures="0" timestamp="06 Apr 2017 12:25:03 GMT" time="120.094" errors="0">
  <testcase name="listBoxContent" time="2.353" classname="testScripts.FacebookListBoxTest"/>
  <testcase name="iFrameMethod" time="14.183" classname="testScripts.IframeZohoLoginTest"/>
  <testcase name="closingChildBrowser" time="0.603" classname="testScripts.NotClosingTheParentBrowserTest"/>
  <testcase name="newTab" time="14.707" classname="testScripts.HandlingNewTabTest"/>
  <testcase name="testMethod" time="2.627" classname="testScripts.ChildBrowserPopUpTest"/>
  <testcase name="@BeforeSuite beforeSuiteMethodToGenerateExtentReport" time="0.0" classname="genericMethods.BaseClassForAllTestCases">
    <ignored/>
  </testcase> <!-- @BeforeSuite beforeSuiteMethodToGenerateExtentReport -->
  <testcase name="@BeforeSuite beforeSuiteMethodToGenerateExtentReport" time="0.0" classname="genericMethods.BaseClassForAllTestCases">
    <ignored/>
  </testcase> <!-- @BeforeSuite beforeSuiteMethodToGenerateExtentReport -->
  <testcase name="@BeforeSuite beforeSuiteMethodToGenerateExtentReport" time="0.0" classname="genericMethods.BaseClassForAllTestCases">
    <ignored/>
  </testcase> <!-- @BeforeSuite beforeSuiteMethodToGenerateExtentReport -->
  <testcase name="@BeforeSuite beforeSuiteMethodToGenerateExtentReport" time="0.0" classname="genericMethods.BaseClassForAllTestCases">
    <ignored/>
  </testcase> <!-- @BeforeSuite beforeSuiteMethodToGenerateExtentReport -->
</testsuite> <!-- Test -->
