<?xml version="1.0" encoding="UTF-8"?>
<testng-results skipped="0" failed="0" ignored="0" total="1" passed="1">
  <reporter-output>
  </reporter-output>
  <suite name="Default suite" duration-ms="14921" started-at="2017-04-07T15:01:22Z" finished-at="2017-04-07T15:01:37Z">
    <groups>
    </groups>
    <test name="Default test" duration-ms="14921" started-at="2017-04-07T15:01:22Z" finished-at="2017-04-07T15:01:37Z">
      <class name="testScripts.FacebookListBoxTest">
        <test-method status="PASS" signature="selectBrowser()[pri:0, instance:testScripts.FacebookListBoxTest@6e1ec318]" name="selectBrowser" is-config="true" duration-ms="9813" started-at="2017-04-07T20:31:22Z" finished-at="2017-04-07T20:31:32Z">
          <reporter-output>
          </reporter-output>
        </test-method> <!-- selectBrowser -->
        <test-method status="PASS" signature="listBoxContent()[pri:0, instance:testScripts.FacebookListBoxTest@6e1ec318]" name="listBoxContent" duration-ms="3811" started-at="2017-04-07T20:31:32Z" finished-at="2017-04-07T20:31:36Z">
          <reporter-output>
          </reporter-output>
        </test-method> <!-- listBoxContent -->
        <test-method status="PASS" signature="closeBrowser(org.testng.ITestResult)[pri:0, instance:testScripts.FacebookListBoxTest@6e1ec318]" name="closeBrowser" is-config="true" duration-ms="1253" started-at="2017-04-07T20:31:36Z" finished-at="2017-04-07T20:31:37Z">
          <params>
            <param index="0">
              <value>
                <![CDATA[[TestResult name=listBoxContent status=SUCCESS method=FacebookListBoxTest.listBoxContent()[pri:0, instance:testScripts.FacebookListBoxTest@6e1ec318] output={null}]]]>
              </value>
            </param>
          </params>
          <reporter-output>
          </reporter-output>
        </test-method> <!-- closeBrowser -->
      </class> <!-- testScripts.FacebookListBoxTest -->
    </test> <!-- Default test -->
  </suite> <!-- Default suite -->
</testng-results>
